{"/Users/h2oche/github/travisci-toy-project/index.js":{"path":"/Users/h2oche/github/travisci-toy-project/index.js","s":{"1":1,"2":4,"3":3,"4":1,"5":1,"6":1,"7":1},"b":{"1":[3,1],"2":[4,2]},"f":{"1":4,"2":1},"fnMap":{"1":{"name":"addPositive","line":10,"loc":{"start":{"line":10,"column":0},"end":{"line":10,"column":27}}},"2":{"name":"add","line":16,"loc":{"start":{"line":16,"column":0},"end":{"line":16,"column":19}}}},"statementMap":{"1":{"start":{"line":10,"column":0},"end":{"line":14,"column":1}},"2":{"start":{"line":11,"column":2},"end":{"line":12,"column":14}},"3":{"start":{"line":12,"column":4},"end":{"line":12,"column":14}},"4":{"start":{"line":13,"column":2},"end":{"line":13,"column":13}},"5":{"start":{"line":16,"column":0},"end":{"line":18,"column":1}},"6":{"start":{"line":17,"column":2},"end":{"line":17,"column":13}},"7":{"start":{"line":20,"column":0},"end":{"line":24,"column":1}}},"branchMap":{"1":{"line":11,"type":"if","locations":[{"start":{"line":11,"column":2},"end":{"line":11,"column":2}},{"start":{"line":11,"column":2},"end":{"line":11,"column":2}}]},"2":{"line":11,"type":"binary-expr","locations":[{"start":{"line":11,"column":5},"end":{"line":11,"column":11}},{"start":{"line":11,"column":15},"end":{"line":11,"column":21}}]}}}}